Copyright 1986-2022 Xilinx, Inc. All Rights Reserved.
------------------------------------------------------------------------------------
| Tool Version : Vivado v.2022.2 (win64) Build 3671981 Fri Oct 14 05:00:03 MDT 2022
| Date         : Mon Mar 13 19:10:21 2023
| Host         : CD-135239 running 64-bit major release  (build 9200)
| Command      : upgrade_ip
| Device       : xc7s50fgga484-2
------------------------------------------------------------------------------------

Upgrade Log for IP 'SysPLL'

1. Summary
----------

SUCCESS in the upgrade of SysPLL (xilinx.com:ip:clk_wiz:6.0) from (Rev. 9) to (Rev. 11)






Copyright 1986-2022 Xilinx, Inc. All Rights Reserved.
------------------------------------------------------------------------------------
| Tool Version : Vivado v.2022.2 (win64) Build 3671981 Fri Oct 14 05:00:03 MDT 2022
| Date         : Mon Mar 13 19:10:20 2023
| Host         : CD-135239 running 64-bit major release  (build 9200)
| Command      : upgrade_ip
| Device       : xc7s50fgga484-2
------------------------------------------------------------------------------------

Upgrade Log for IP 'SCFIFO_32x256'

1. Summary
----------

SUCCESS in the upgrade of SCFIFO_32x256 (xilinx.com:ip:fifo_generator:13.2) from (Rev. 6) to (Rev. 7)






Copyright 1986-2022 Xilinx, Inc. All Rights Reserved.
------------------------------------------------------------------------------------
| Tool Version : Vivado v.2022.2 (win64) Build 3671981 Fri Oct 14 05:00:03 MDT 2022
| Date         : Mon Mar 13 19:10:19 2023
| Host         : CD-135239 running 64-bit major release  (build 9200)
| Command      : upgrade_ip
| Device       : xc7s50fgga484-2
------------------------------------------------------------------------------------

Upgrade Log for IP 'SCFIFO_1Kx16'

1. Summary
----------

SUCCESS in the upgrade of SCFIFO_1Kx16 (xilinx.com:ip:fifo_generator:13.2) from (Rev. 6) to (Rev. 7)






Copyright 1986-2022 Xilinx, Inc. All Rights Reserved.
------------------------------------------------------------------------------------
| Tool Version : Vivado v.2022.2 (win64) Build 3671981 Fri Oct 14 05:00:03 MDT 2022
| Date         : Mon Mar 13 19:10:18 2023
| Host         : CD-135239 running 64-bit major release  (build 9200)
| Command      : upgrade_ip
| Device       : xc7s50fgga484-2
------------------------------------------------------------------------------------

Upgrade Log for IP 'LVDSTxBuff'

1. Summary
----------

SUCCESS in the upgrade of LVDSTxBuff (xilinx.com:ip:fifo_generator:13.2) from (Rev. 6) to (Rev. 7)






Copyright 1986-2022 Xilinx, Inc. All Rights Reserved.
------------------------------------------------------------------------------------
| Tool Version : Vivado v.2022.2 (win64) Build 3671981 Fri Oct 14 05:00:03 MDT 2022
| Date         : Mon Mar 13 19:10:17 2023
| Host         : CD-135239 running 64-bit major release  (build 9200)
| Command      : upgrade_ip
| Device       : xc7s50fgga484-2
------------------------------------------------------------------------------------

Upgrade Log for IP 'HF_SysPLL'

1. Summary
----------

SUCCESS in the upgrade of HF_SysPLL (xilinx.com:ip:clk_wiz:6.0) from (Rev. 9) to (Rev. 11)






Copyright 1986-2022 Xilinx, Inc. All Rights Reserved.
------------------------------------------------------------------------------------
| Tool Version : Vivado v.2022.2 (win64) Build 3671981 Fri Oct 14 05:00:03 MDT 2022
| Date         : Mon Mar 13 19:10:14 2023
| Host         : CD-135239 running 64-bit major release  (build 9200)
| Command      : upgrade_ip
| Device       : xc7s50fgga484-2
------------------------------------------------------------------------------------

Upgrade Log for IP 'CMD_Fifo'

1. Summary
----------

SUCCESS in the upgrade of CMD_Fifo (xilinx.com:ip:fifo_generator:13.2) from (Rev. 6) to (Rev. 7)

