INFO: [VRFC 10-2263] Analyzing Verilog file "C:/Users/mrigatti/Desktop/CRV/2.Firmware/FEB/FEB.gen/sources_1/ip/DPRAM_1Kx16/DPRAM_1Kx16_sim_netlist.v" into library xil_defaultlib
INFO: [VRFC 10-311] analyzing module DPRAM_1Kx16
INFO: [VRFC 10-311] analyzing module DPRAM_1Kx16_blk_mem_gen_generic_cstr
INFO: [VRFC 10-311] analyzing module DPRAM_1Kx16_blk_mem_gen_prim_width
INFO: [VRFC 10-311] analyzing module DPRAM_1Kx16_blk_mem_gen_prim_wrapper
INFO: [VRFC 10-311] analyzing module DPRAM_1Kx16_blk_mem_gen_top
INFO: [VRFC 10-311] analyzing module DPRAM_1Kx16_blk_mem_gen_v8_4_5
INFO: [VRFC 10-311] analyzing module DPRAM_1Kx16_blk_mem_gen_v8_4_5_synth
INFO: [VRFC 10-311] analyzing module glbl
INFO: [VRFC 10-2263] Analyzing Verilog file "C:/Users/mrigatti/Desktop/CRV/2.Firmware/FEB/FEB.sim/sim_1/behav/xsim/glbl.v" into library work
INFO: [VRFC 10-311] analyzing module glbl
INFO: [VRFC 10-163] Analyzing VHDL file "C:/Users/mrigatti/Desktop/CRV/2.Firmware/FEB/FEB.srcs/sim_1/new/AFE5807.vhd" into library work
INFO: [VRFC 10-3107] analyzing entity 'AFE5807'
INFO: [VRFC 10-163] Analyzing VHDL file "C:/Users/mrigatti/Desktop/CRV/2.Firmware/FEB/FEB.srcs/sources_1/new/Proj_Def.vhd" into library work
INFO: [VRFC 10-163] Analyzing VHDL file "C:/Users/mrigatti/Desktop/CRV/2.Firmware/FEB/FEB.srcs/sources_1/new/AFE_DataPath.vhd" into library work
INFO: [VRFC 10-3107] analyzing entity 'AFE_DataPath'
INFO: [VRFC 10-163] Analyzing VHDL file "C:/Users/mrigatti/Desktop/CRV/2.Firmware/FEB/FEB.srcs/sources_1/new/AFE_Interface.vhd" into library work
INFO: [VRFC 10-3107] analyzing entity 'AFE_Interface'
INFO: [VRFC 10-163] Analyzing VHDL file "C:/Users/mrigatti/Desktop/CRV/2.Firmware/FEB/FEB.srcs/sources_1/new/Auto_AFE.vhd" into library work
INFO: [VRFC 10-3107] analyzing entity 'Auto_AFE'
INFO: [VRFC 10-163] Analyzing VHDL file "C:/Users/mrigatti/Desktop/CRV/2.Firmware/FEB/FEB.srcs/sources_1/new/auto_FSM.vhd" into library work
INFO: [VRFC 10-3107] analyzing entity 'auto_FSM'
INFO: [VRFC 10-163] Analyzing VHDL file "C:/Users/mrigatti/Desktop/CRV/2.Firmware/FEB/FEB.srcs/sources_1/new/febit.vhd" into library work
INFO: [VRFC 10-3107] analyzing entity 'febit'
INFO: [VRFC 10-163] Analyzing VHDL file "C:/Users/mrigatti/Desktop/CRV/2.Firmware/FEB/FEB.srcs/sim_1/new/AFE_DataPath_Testbench.vhd" into library work
INFO: [VRFC 10-3107] analyzing entity 'AFE_DataPath_testbench'
